2019-11-21 15:39:21.302 [main] INFO  core.ApiCore                             : Starting HTTP Server
2019-11-21 15:39:21.672 [main] INFO  core.ApiCore                             : Started HTTP Server on port [8080] !
2019-11-21 15:39:21.673 [main] INFO  core.ApiCore                             : Connecting to MongoDB !
2019-11-21 15:39:21.676 [main] ERROR core.ApiCore                             : null
java.lang.NumberFormatException: null
	at java.base/java.lang.Integer.parseInt(Integer.java:614)
	at java.base/java.lang.Integer.parseInt(Integer.java:770)
	at core.ApiCore.main(ApiCore.java:83)
2019-11-21 15:39:42.169 [main] INFO  core.ApiCore                             : Starting HTTP Server
2019-11-21 15:39:42.790 [main] INFO  core.ApiCore                             : Started HTTP Server on port [8080] !
2019-11-21 15:39:42.793 [main] INFO  core.ApiCore                             : Connecting to MongoDB !
2019-11-21 15:39:42.797 [main] ERROR core.ApiCore                             : null
java.lang.NumberFormatException: null
	at java.base/java.lang.Integer.parseInt(Integer.java:614)
	at java.base/java.lang.Integer.parseInt(Integer.java:770)
	at core.ApiCore.main(ApiCore.java:83)
2019-11-21 15:39:54.993 [main] INFO  core.ApiCore                             : Starting HTTP Server
2019-11-21 15:39:55.390 [main] INFO  core.ApiCore                             : Started HTTP Server on port [8080] !
2019-11-21 15:39:55.392 [main] INFO  core.ApiCore                             : Connecting to MongoDB !
2019-11-21 15:39:55.395 [main] ERROR core.ApiCore                             : null
java.lang.NumberFormatException: null
	at java.base/java.lang.Integer.parseInt(Integer.java:614)
	at java.base/java.lang.Integer.parseInt(Integer.java:770)
	at core.ApiCore.main(ApiCore.java:83)
2019-11-21 15:42:16.355 [main] INFO  core.ApiCore                             : Starting HTTP Server
2019-11-21 15:42:17.027 [main] INFO  core.ApiCore                             : Started HTTP Server on port [8080] !
2019-11-21 15:42:17.029 [main] INFO  core.ApiCore                             : Connecting to MongoDB !
2019-11-21 15:42:17.338 [main] INFO  org.mongodb.driver.cluster               : Cluster created with settings {hosts=[aetherion.fr:27017], mode=SINGLE, requiredClusterType=UNKNOWN, serverSelectionTimeout='30000 ms', maxWaitQueueSize=10000}
2019-11-21 15:42:17.456 [main] DEBUG org.mongodb.driver.cluster               : Updating cluster description to  {type=UNKNOWN, servers=[{address=aetherion.fr:27017, type=UNKNOWN, state=CONNECTING}]
2019-11-21 15:42:17.811 [cluster-ClusterId{value='5dd6a2497c6065185e151bf6', description='null'}-aetherion.fr:27017] INFO  org.mongodb.driver.connection            : Opened connection [connectionId{localValue:1, serverValue:10}] to aetherion.fr:27017
2019-11-21 15:42:17.815 [cluster-ClusterId{value='5dd6a2497c6065185e151bf6', description='null'}-aetherion.fr:27017] DEBUG org.mongodb.driver.cluster               : Checking status of aetherion.fr:27017
2019-11-21 15:42:17.849 [cluster-ClusterId{value='5dd6a2497c6065185e151bf6', description='null'}-aetherion.fr:27017] DEBUG org.mongodb.driver.protocol.command      : Sending command '{"ismaster": 1, "$db": "admin"}' with request id 3 to database admin on connection [connectionId{localValue:1, serverValue:10}] to server aetherion.fr:27017
2019-11-21 15:42:17.865 [cluster-ClusterId{value='5dd6a2497c6065185e151bf6', description='null'}-aetherion.fr:27017] DEBUG org.mongodb.driver.protocol.command      : Execution of command with request id 3 completed successfully in 39.13 ms on connection [connectionId{localValue:1, serverValue:10}] to server aetherion.fr:27017
2019-11-21 15:42:17.869 [cluster-ClusterId{value='5dd6a2497c6065185e151bf6', description='null'}-aetherion.fr:27017] INFO  org.mongodb.driver.cluster               : Monitor thread successfully connected to server with description ServerDescription{address=aetherion.fr:27017, type=STANDALONE, state=CONNECTED, ok=true, version=ServerVersion{versionList=[4, 2, 0]}, minWireVersion=0, maxWireVersion=8, maxDocumentSize=16777216, logicalSessionTimeoutMinutes=30, roundTripTimeNanos=51202635}
2019-11-21 15:42:17.871 [cluster-ClusterId{value='5dd6a2497c6065185e151bf6', description='null'}-aetherion.fr:27017] DEBUG org.mongodb.driver.cluster               : Updating cluster description to  {type=STANDALONE, servers=[{address=aetherion.fr:27017, type=STANDALONE, roundTripTime=51.2 ms, state=CONNECTED}]
2019-11-21 15:42:27.872 [cluster-ClusterId{value='5dd6a2497c6065185e151bf6', description='null'}-aetherion.fr:27017] DEBUG org.mongodb.driver.cluster               : Checking status of aetherion.fr:27017
2019-11-21 15:42:27.875 [cluster-ClusterId{value='5dd6a2497c6065185e151bf6', description='null'}-aetherion.fr:27017] DEBUG org.mongodb.driver.protocol.command      : Sending command '{"ismaster": 1, "$db": "admin"}' with request id 4 to database admin on connection [connectionId{localValue:1, serverValue:10}] to server aetherion.fr:27017
2019-11-21 15:42:27.882 [cluster-ClusterId{value='5dd6a2497c6065185e151bf6', description='null'}-aetherion.fr:27017] DEBUG org.mongodb.driver.protocol.command      : Execution of command with request id 4 completed successfully in 7.85 ms on connection [connectionId{localValue:1, serverValue:10}] to server aetherion.fr:27017
2019-11-21 15:42:27.887 [cluster-ClusterId{value='5dd6a2497c6065185e151bf6', description='null'}-aetherion.fr:27017] DEBUG org.mongodb.driver.cluster               : Updating cluster description to  {type=STANDALONE, servers=[{address=aetherion.fr:27017, type=STANDALONE, roundTripTime=43.4 ms, state=CONNECTED}]
2019-11-21 15:42:37.888 [cluster-ClusterId{value='5dd6a2497c6065185e151bf6', description='null'}-aetherion.fr:27017] DEBUG org.mongodb.driver.cluster               : Checking status of aetherion.fr:27017
2019-11-21 15:42:37.889 [cluster-ClusterId{value='5dd6a2497c6065185e151bf6', description='null'}-aetherion.fr:27017] DEBUG org.mongodb.driver.protocol.command      : Sending command '{"ismaster": 1, "$db": "admin"}' with request id 5 to database admin on connection [connectionId{localValue:1, serverValue:10}] to server aetherion.fr:27017
2019-11-21 15:42:37.895 [cluster-ClusterId{value='5dd6a2497c6065185e151bf6', description='null'}-aetherion.fr:27017] DEBUG org.mongodb.driver.protocol.command      : Execution of command with request id 5 completed successfully in 5.68 ms on connection [connectionId{localValue:1, serverValue:10}] to server aetherion.fr:27017
2019-11-21 15:42:37.896 [cluster-ClusterId{value='5dd6a2497c6065185e151bf6', description='null'}-aetherion.fr:27017] DEBUG org.mongodb.driver.cluster               : Updating cluster description to  {type=STANDALONE, servers=[{address=aetherion.fr:27017, type=STANDALONE, roundTripTime=36.1 ms, state=CONNECTED}]
2019-11-21 15:42:47.896 [cluster-ClusterId{value='5dd6a2497c6065185e151bf6', description='null'}-aetherion.fr:27017] DEBUG org.mongodb.driver.cluster               : Checking status of aetherion.fr:27017
2019-11-21 15:42:47.899 [cluster-ClusterId{value='5dd6a2497c6065185e151bf6', description='null'}-aetherion.fr:27017] DEBUG org.mongodb.driver.protocol.command      : Sending command '{"ismaster": 1, "$db": "admin"}' with request id 6 to database admin on connection [connectionId{localValue:1, serverValue:10}] to server aetherion.fr:27017
2019-11-21 15:42:47.905 [cluster-ClusterId{value='5dd6a2497c6065185e151bf6', description='null'}-aetherion.fr:27017] DEBUG org.mongodb.driver.protocol.command      : Execution of command with request id 6 completed successfully in 6.22 ms on connection [connectionId{localValue:1, serverValue:10}] to server aetherion.fr:27017
2019-11-21 15:42:47.909 [cluster-ClusterId{value='5dd6a2497c6065185e151bf6', description='null'}-aetherion.fr:27017] DEBUG org.mongodb.driver.cluster               : Updating cluster description to  {type=STANDALONE, servers=[{address=aetherion.fr:27017, type=STANDALONE, roundTripTime=31.1 ms, state=CONNECTED}]
2019-11-21 15:42:57.911 [cluster-ClusterId{value='5dd6a2497c6065185e151bf6', description='null'}-aetherion.fr:27017] DEBUG org.mongodb.driver.cluster               : Checking status of aetherion.fr:27017
2019-11-21 15:42:57.913 [cluster-ClusterId{value='5dd6a2497c6065185e151bf6', description='null'}-aetherion.fr:27017] DEBUG org.mongodb.driver.protocol.command      : Sending command '{"ismaster": 1, "$db": "admin"}' with request id 7 to database admin on connection [connectionId{localValue:1, serverValue:10}] to server aetherion.fr:27017
2019-11-21 15:42:57.917 [cluster-ClusterId{value='5dd6a2497c6065185e151bf6', description='null'}-aetherion.fr:27017] DEBUG org.mongodb.driver.protocol.command      : Execution of command with request id 7 completed successfully in 4.90 ms on connection [connectionId{localValue:1, serverValue:10}] to server aetherion.fr:27017
2019-11-21 15:42:57.918 [cluster-ClusterId{value='5dd6a2497c6065185e151bf6', description='null'}-aetherion.fr:27017] DEBUG org.mongodb.driver.cluster               : Updating cluster description to  {type=STANDALONE, servers=[{address=aetherion.fr:27017, type=STANDALONE, roundTripTime=26.1 ms, state=CONNECTED}]
2019-11-21 15:43:07.918 [cluster-ClusterId{value='5dd6a2497c6065185e151bf6', description='null'}-aetherion.fr:27017] DEBUG org.mongodb.driver.cluster               : Checking status of aetherion.fr:27017
2019-11-21 15:43:07.923 [cluster-ClusterId{value='5dd6a2497c6065185e151bf6', description='null'}-aetherion.fr:27017] DEBUG org.mongodb.driver.protocol.command      : Sending command '{"ismaster": 1, "$db": "admin"}' with request id 8 to database admin on connection [connectionId{localValue:1, serverValue:10}] to server aetherion.fr:27017
2019-11-21 15:43:07.930 [cluster-ClusterId{value='5dd6a2497c6065185e151bf6', description='null'}-aetherion.fr:27017] DEBUG org.mongodb.driver.protocol.command      : Execution of command with request id 8 completed successfully in 8.50 ms on connection [connectionId{localValue:1, serverValue:10}] to server aetherion.fr:27017
2019-11-21 15:43:07.937 [cluster-ClusterId{value='5dd6a2497c6065185e151bf6', description='null'}-aetherion.fr:27017] DEBUG org.mongodb.driver.cluster               : Updating cluster description to  {type=STANDALONE, servers=[{address=aetherion.fr:27017, type=STANDALONE, roundTripTime=24.2 ms, state=CONNECTED}]
2019-11-21 15:43:17.938 [cluster-ClusterId{value='5dd6a2497c6065185e151bf6', description='null'}-aetherion.fr:27017] DEBUG org.mongodb.driver.cluster               : Checking status of aetherion.fr:27017
2019-11-21 15:43:17.941 [cluster-ClusterId{value='5dd6a2497c6065185e151bf6', description='null'}-aetherion.fr:27017] DEBUG org.mongodb.driver.protocol.command      : Sending command '{"ismaster": 1, "$db": "admin"}' with request id 9 to database admin on connection [connectionId{localValue:1, serverValue:10}] to server aetherion.fr:27017
2019-11-21 15:43:17.949 [cluster-ClusterId{value='5dd6a2497c6065185e151bf6', description='null'}-aetherion.fr:27017] DEBUG org.mongodb.driver.protocol.command      : Execution of command with request id 9 completed successfully in 8.07 ms on connection [connectionId{localValue:1, serverValue:10}] to server aetherion.fr:27017
2019-11-21 15:43:17.952 [cluster-ClusterId{value='5dd6a2497c6065185e151bf6', description='null'}-aetherion.fr:27017] DEBUG org.mongodb.driver.cluster               : Updating cluster description to  {type=STANDALONE, servers=[{address=aetherion.fr:27017, type=STANDALONE, roundTripTime=21.6 ms, state=CONNECTED}]
2019-11-21 15:43:27.953 [cluster-ClusterId{value='5dd6a2497c6065185e151bf6', description='null'}-aetherion.fr:27017] DEBUG org.mongodb.driver.cluster               : Checking status of aetherion.fr:27017
2019-11-21 15:43:27.954 [cluster-ClusterId{value='5dd6a2497c6065185e151bf6', description='null'}-aetherion.fr:27017] DEBUG org.mongodb.driver.protocol.command      : Sending command '{"ismaster": 1, "$db": "admin"}' with request id 10 to database admin on connection [connectionId{localValue:1, serverValue:10}] to server aetherion.fr:27017
2019-11-21 15:43:27.958 [cluster-ClusterId{value='5dd6a2497c6065185e151bf6', description='null'}-aetherion.fr:27017] DEBUG org.mongodb.driver.protocol.command      : Execution of command with request id 10 completed successfully in 4.25 ms on connection [connectionId{localValue:1, serverValue:10}] to server aetherion.fr:27017
2019-11-21 15:43:27.959 [cluster-ClusterId{value='5dd6a2497c6065185e151bf6', description='null'}-aetherion.fr:27017] DEBUG org.mongodb.driver.cluster               : Updating cluster description to  {type=STANDALONE, servers=[{address=aetherion.fr:27017, type=STANDALONE, roundTripTime=18.3 ms, state=CONNECTED}]
2019-11-21 15:43:37.959 [cluster-ClusterId{value='5dd6a2497c6065185e151bf6', description='null'}-aetherion.fr:27017] DEBUG org.mongodb.driver.cluster               : Checking status of aetherion.fr:27017
2019-11-21 15:43:37.962 [cluster-ClusterId{value='5dd6a2497c6065185e151bf6', description='null'}-aetherion.fr:27017] DEBUG org.mongodb.driver.protocol.command      : Sending command '{"ismaster": 1, "$db": "admin"}' with request id 11 to database admin on connection [connectionId{localValue:1, serverValue:10}] to server aetherion.fr:27017
2019-11-21 15:43:37.967 [cluster-ClusterId{value='5dd6a2497c6065185e151bf6', description='null'}-aetherion.fr:27017] DEBUG org.mongodb.driver.protocol.command      : Execution of command with request id 11 completed successfully in 6.13 ms on connection [connectionId{localValue:1, serverValue:10}] to server aetherion.fr:27017
2019-11-21 15:43:37.969 [cluster-ClusterId{value='5dd6a2497c6065185e151bf6', description='null'}-aetherion.fr:27017] DEBUG org.mongodb.driver.cluster               : Updating cluster description to  {type=STANDALONE, servers=[{address=aetherion.fr:27017, type=STANDALONE, roundTripTime=16.4 ms, state=CONNECTED}]
2019-11-21 15:43:47.970 [cluster-ClusterId{value='5dd6a2497c6065185e151bf6', description='null'}-aetherion.fr:27017] DEBUG org.mongodb.driver.cluster               : Checking status of aetherion.fr:27017
2019-11-21 15:43:47.972 [cluster-ClusterId{value='5dd6a2497c6065185e151bf6', description='null'}-aetherion.fr:27017] DEBUG org.mongodb.driver.protocol.command      : Sending command '{"ismaster": 1, "$db": "admin"}' with request id 12 to database admin on connection [connectionId{localValue:1, serverValue:10}] to server aetherion.fr:27017
2019-11-21 15:43:47.976 [cluster-ClusterId{value='5dd6a2497c6065185e151bf6', description='null'}-aetherion.fr:27017] DEBUG org.mongodb.driver.protocol.command      : Execution of command with request id 12 completed successfully in 4.52 ms on connection [connectionId{localValue:1, serverValue:10}] to server aetherion.fr:27017
2019-11-21 15:43:47.978 [cluster-ClusterId{value='5dd6a2497c6065185e151bf6', description='null'}-aetherion.fr:27017] DEBUG org.mongodb.driver.cluster               : Updating cluster description to  {type=STANDALONE, servers=[{address=aetherion.fr:27017, type=STANDALONE, roundTripTime=14.5 ms, state=CONNECTED}]
2019-11-21 15:43:57.979 [cluster-ClusterId{value='5dd6a2497c6065185e151bf6', description='null'}-aetherion.fr:27017] DEBUG org.mongodb.driver.cluster               : Checking status of aetherion.fr:27017
2019-11-21 15:43:57.981 [cluster-ClusterId{value='5dd6a2497c6065185e151bf6', description='null'}-aetherion.fr:27017] DEBUG org.mongodb.driver.protocol.command      : Sending command '{"ismaster": 1, "$db": "admin"}' with request id 13 to database admin on connection [connectionId{localValue:1, serverValue:10}] to server aetherion.fr:27017
2019-11-21 15:43:57.986 [cluster-ClusterId{value='5dd6a2497c6065185e151bf6', description='null'}-aetherion.fr:27017] DEBUG org.mongodb.driver.protocol.command      : Execution of command with request id 13 completed successfully in 4.98 ms on connection [connectionId{localValue:1, serverValue:10}] to server aetherion.fr:27017
2019-11-21 15:43:57.988 [cluster-ClusterId{value='5dd6a2497c6065185e151bf6', description='null'}-aetherion.fr:27017] DEBUG org.mongodb.driver.cluster               : Updating cluster description to  {type=STANDALONE, servers=[{address=aetherion.fr:27017, type=STANDALONE, roundTripTime=13.1 ms, state=CONNECTED}]
2019-11-21 15:44:07.991 [cluster-ClusterId{value='5dd6a2497c6065185e151bf6', description='null'}-aetherion.fr:27017] DEBUG org.mongodb.driver.cluster               : Checking status of aetherion.fr:27017
2019-11-21 15:44:07.996 [cluster-ClusterId{value='5dd6a2497c6065185e151bf6', description='null'}-aetherion.fr:27017] DEBUG org.mongodb.driver.protocol.command      : Sending command '{"ismaster": 1, "$db": "admin"}' with request id 14 to database admin on connection [connectionId{localValue:1, serverValue:10}] to server aetherion.fr:27017
2019-11-21 15:44:08.004 [cluster-ClusterId{value='5dd6a2497c6065185e151bf6', description='null'}-aetherion.fr:27017] DEBUG org.mongodb.driver.protocol.command      : Execution of command with request id 14 completed successfully in 8.11 ms on connection [connectionId{localValue:1, serverValue:10}] to server aetherion.fr:27017
2019-11-21 15:44:08.007 [cluster-ClusterId{value='5dd6a2497c6065185e151bf6', description='null'}-aetherion.fr:27017] DEBUG org.mongodb.driver.cluster               : Updating cluster description to  {type=STANDALONE, servers=[{address=aetherion.fr:27017, type=STANDALONE, roundTripTime=13.3 ms, state=CONNECTED}]
2019-11-21 15:44:18.008 [cluster-ClusterId{value='5dd6a2497c6065185e151bf6', description='null'}-aetherion.fr:27017] DEBUG org.mongodb.driver.cluster               : Checking status of aetherion.fr:27017
2019-11-21 15:44:18.011 [cluster-ClusterId{value='5dd6a2497c6065185e151bf6', description='null'}-aetherion.fr:27017] DEBUG org.mongodb.driver.protocol.command      : Sending command '{"ismaster": 1, "$db": "admin"}' with request id 15 to database admin on connection [connectionId{localValue:1, serverValue:10}] to server aetherion.fr:27017
2019-11-21 15:44:18.018 [cluster-ClusterId{value='5dd6a2497c6065185e151bf6', description='null'}-aetherion.fr:27017] DEBUG org.mongodb.driver.protocol.command      : Execution of command with request id 15 completed successfully in 7.47 ms on connection [connectionId{localValue:1, serverValue:10}] to server aetherion.fr:27017
2019-11-21 15:44:18.021 [cluster-ClusterId{value='5dd6a2497c6065185e151bf6', description='null'}-aetherion.fr:27017] DEBUG org.mongodb.driver.cluster               : Updating cluster description to  {type=STANDALONE, servers=[{address=aetherion.fr:27017, type=STANDALONE, roundTripTime=12.9 ms, state=CONNECTED}]
2019-11-21 15:44:28.022 [cluster-ClusterId{value='5dd6a2497c6065185e151bf6', description='null'}-aetherion.fr:27017] DEBUG org.mongodb.driver.cluster               : Checking status of aetherion.fr:27017
2019-11-21 15:44:28.025 [cluster-ClusterId{value='5dd6a2497c6065185e151bf6', description='null'}-aetherion.fr:27017] DEBUG org.mongodb.driver.protocol.command      : Sending command '{"ismaster": 1, "$db": "admin"}' with request id 16 to database admin on connection [connectionId{localValue:1, serverValue:10}] to server aetherion.fr:27017
2019-11-21 15:44:28.029 [cluster-ClusterId{value='5dd6a2497c6065185e151bf6', description='null'}-aetherion.fr:27017] DEBUG org.mongodb.driver.protocol.command      : Execution of command with request id 16 completed successfully in 5.05 ms on connection [connectionId{localValue:1, serverValue:10}] to server aetherion.fr:27017
2019-11-21 15:44:28.031 [cluster-ClusterId{value='5dd6a2497c6065185e151bf6', description='null'}-aetherion.fr:27017] DEBUG org.mongodb.driver.cluster               : Updating cluster description to  {type=STANDALONE, servers=[{address=aetherion.fr:27017, type=STANDALONE, roundTripTime=11.8 ms, state=CONNECTED}]
2019-11-21 15:44:38.032 [cluster-ClusterId{value='5dd6a2497c6065185e151bf6', description='null'}-aetherion.fr:27017] DEBUG org.mongodb.driver.cluster               : Checking status of aetherion.fr:27017
2019-11-21 15:44:38.033 [cluster-ClusterId{value='5dd6a2497c6065185e151bf6', description='null'}-aetherion.fr:27017] DEBUG org.mongodb.driver.protocol.command      : Sending command '{"ismaster": 1, "$db": "admin"}' with request id 17 to database admin on connection [connectionId{localValue:1, serverValue:10}] to server aetherion.fr:27017
2019-11-21 15:44:38.036 [cluster-ClusterId{value='5dd6a2497c6065185e151bf6', description='null'}-aetherion.fr:27017] DEBUG org.mongodb.driver.protocol.command      : Execution of command with request id 17 completed successfully in 3.20 ms on connection [connectionId{localValue:1, serverValue:10}] to server aetherion.fr:27017
2019-11-21 15:44:38.037 [cluster-ClusterId{value='5dd6a2497c6065185e151bf6', description='null'}-aetherion.fr:27017] DEBUG org.mongodb.driver.cluster               : Updating cluster description to  {type=STANDALONE, servers=[{address=aetherion.fr:27017, type=STANDALONE, roundTripTime=10.2 ms, state=CONNECTED}]
2019-11-21 15:44:48.037 [cluster-ClusterId{value='5dd6a2497c6065185e151bf6', description='null'}-aetherion.fr:27017] DEBUG org.mongodb.driver.cluster               : Checking status of aetherion.fr:27017
2019-11-21 15:44:48.039 [cluster-ClusterId{value='5dd6a2497c6065185e151bf6', description='null'}-aetherion.fr:27017] DEBUG org.mongodb.driver.protocol.command      : Sending command '{"ismaster": 1, "$db": "admin"}' with request id 18 to database admin on connection [connectionId{localValue:1, serverValue:10}] to server aetherion.fr:27017
2019-11-21 15:44:48.044 [cluster-ClusterId{value='5dd6a2497c6065185e151bf6', description='null'}-aetherion.fr:27017] DEBUG org.mongodb.driver.protocol.command      : Execution of command with request id 18 completed successfully in 5.41 ms on connection [connectionId{localValue:1, serverValue:10}] to server aetherion.fr:27017
2019-11-21 15:44:48.046 [cluster-ClusterId{value='5dd6a2497c6065185e151bf6', description='null'}-aetherion.fr:27017] DEBUG org.mongodb.driver.cluster               : Updating cluster description to  {type=STANDALONE, servers=[{address=aetherion.fr:27017, type=STANDALONE, roundTripTime=9.7 ms, state=CONNECTED}]
2019-11-21 15:44:58.047 [cluster-ClusterId{value='5dd6a2497c6065185e151bf6', description='null'}-aetherion.fr:27017] DEBUG org.mongodb.driver.cluster               : Checking status of aetherion.fr:27017
2019-11-21 15:44:58.049 [cluster-ClusterId{value='5dd6a2497c6065185e151bf6', description='null'}-aetherion.fr:27017] DEBUG org.mongodb.driver.protocol.command      : Sending command '{"ismaster": 1, "$db": "admin"}' with request id 19 to database admin on connection [connectionId{localValue:1, serverValue:10}] to server aetherion.fr:27017
2019-11-21 15:44:58.054 [cluster-ClusterId{value='5dd6a2497c6065185e151bf6', description='null'}-aetherion.fr:27017] DEBUG org.mongodb.driver.protocol.command      : Execution of command with request id 19 completed successfully in 5.79 ms on connection [connectionId{localValue:1, serverValue:10}] to server aetherion.fr:27017
2019-11-21 15:44:58.056 [cluster-ClusterId{value='5dd6a2497c6065185e151bf6', description='null'}-aetherion.fr:27017] DEBUG org.mongodb.driver.cluster               : Updating cluster description to  {type=STANDALONE, servers=[{address=aetherion.fr:27017, type=STANDALONE, roundTripTime=9.4 ms, state=CONNECTED}]
2019-11-21 15:45:08.057 [cluster-ClusterId{value='5dd6a2497c6065185e151bf6', description='null'}-aetherion.fr:27017] DEBUG org.mongodb.driver.cluster               : Checking status of aetherion.fr:27017
2019-11-21 15:45:08.060 [cluster-ClusterId{value='5dd6a2497c6065185e151bf6', description='null'}-aetherion.fr:27017] DEBUG org.mongodb.driver.protocol.command      : Sending command '{"ismaster": 1, "$db": "admin"}' with request id 20 to database admin on connection [connectionId{localValue:1, serverValue:10}] to server aetherion.fr:27017
2019-11-21 15:45:08.064 [cluster-ClusterId{value='5dd6a2497c6065185e151bf6', description='null'}-aetherion.fr:27017] DEBUG org.mongodb.driver.protocol.command      : Execution of command with request id 20 completed successfully in 5.44 ms on connection [connectionId{localValue:1, serverValue:10}] to server aetherion.fr:27017
2019-11-21 15:45:08.066 [cluster-ClusterId{value='5dd6a2497c6065185e151bf6', description='null'}-aetherion.fr:27017] DEBUG org.mongodb.driver.cluster               : Updating cluster description to  {type=STANDALONE, servers=[{address=aetherion.fr:27017, type=STANDALONE, roundTripTime=9.1 ms, state=CONNECTED}]
2019-11-21 15:45:18.068 [cluster-ClusterId{value='5dd6a2497c6065185e151bf6', description='null'}-aetherion.fr:27017] DEBUG org.mongodb.driver.cluster               : Checking status of aetherion.fr:27017
2019-11-21 15:45:18.070 [cluster-ClusterId{value='5dd6a2497c6065185e151bf6', description='null'}-aetherion.fr:27017] DEBUG org.mongodb.driver.protocol.command      : Sending command '{"ismaster": 1, "$db": "admin"}' with request id 21 to database admin on connection [connectionId{localValue:1, serverValue:10}] to server aetherion.fr:27017
2019-11-21 15:45:18.076 [cluster-ClusterId{value='5dd6a2497c6065185e151bf6', description='null'}-aetherion.fr:27017] DEBUG org.mongodb.driver.protocol.command      : Execution of command with request id 21 completed successfully in 6.34 ms on connection [connectionId{localValue:1, serverValue:10}] to server aetherion.fr:27017
2019-11-21 15:45:18.080 [cluster-ClusterId{value='5dd6a2497c6065185e151bf6', description='null'}-aetherion.fr:27017] DEBUG org.mongodb.driver.cluster               : Updating cluster description to  {type=STANDALONE, servers=[{address=aetherion.fr:27017, type=STANDALONE, roundTripTime=9.2 ms, state=CONNECTED}]
2019-11-21 15:45:28.082 [cluster-ClusterId{value='5dd6a2497c6065185e151bf6', description='null'}-aetherion.fr:27017] DEBUG org.mongodb.driver.cluster               : Checking status of aetherion.fr:27017
2019-11-21 15:45:28.083 [cluster-ClusterId{value='5dd6a2497c6065185e151bf6', description='null'}-aetherion.fr:27017] DEBUG org.mongodb.driver.protocol.command      : Sending command '{"ismaster": 1, "$db": "admin"}' with request id 22 to database admin on connection [connectionId{localValue:1, serverValue:10}] to server aetherion.fr:27017
2019-11-21 15:45:28.088 [cluster-ClusterId{value='5dd6a2497c6065185e151bf6', description='null'}-aetherion.fr:27017] DEBUG org.mongodb.driver.protocol.command      : Execution of command with request id 22 completed successfully in 4.84 ms on connection [connectionId{localValue:1, serverValue:10}] to server aetherion.fr:27017
2019-11-21 15:45:28.091 [cluster-ClusterId{value='5dd6a2497c6065185e151bf6', description='null'}-aetherion.fr:27017] DEBUG org.mongodb.driver.cluster               : Updating cluster description to  {type=STANDALONE, servers=[{address=aetherion.fr:27017, type=STANDALONE, roundTripTime=8.9 ms, state=CONNECTED}]
2019-11-21 15:45:38.093 [cluster-ClusterId{value='5dd6a2497c6065185e151bf6', description='null'}-aetherion.fr:27017] DEBUG org.mongodb.driver.cluster               : Checking status of aetherion.fr:27017
2019-11-21 15:45:38.095 [cluster-ClusterId{value='5dd6a2497c6065185e151bf6', description='null'}-aetherion.fr:27017] DEBUG org.mongodb.driver.protocol.command      : Sending command '{"ismaster": 1, "$db": "admin"}' with request id 23 to database admin on connection [connectionId{localValue:1, serverValue:10}] to server aetherion.fr:27017
2019-11-21 15:45:38.100 [cluster-ClusterId{value='5dd6a2497c6065185e151bf6', description='null'}-aetherion.fr:27017] DEBUG org.mongodb.driver.protocol.command      : Execution of command with request id 23 completed successfully in 5.29 ms on connection [connectionId{localValue:1, serverValue:10}] to server aetherion.fr:27017
2019-11-21 15:45:38.103 [cluster-ClusterId{value='5dd6a2497c6065185e151bf6', description='null'}-aetherion.fr:27017] DEBUG org.mongodb.driver.cluster               : Updating cluster description to  {type=STANDALONE, servers=[{address=aetherion.fr:27017, type=STANDALONE, roundTripTime=8.9 ms, state=CONNECTED}]
2019-11-21 15:45:48.105 [cluster-ClusterId{value='5dd6a2497c6065185e151bf6', description='null'}-aetherion.fr:27017] DEBUG org.mongodb.driver.cluster               : Checking status of aetherion.fr:27017
2019-11-21 15:45:48.107 [cluster-ClusterId{value='5dd6a2497c6065185e151bf6', description='null'}-aetherion.fr:27017] DEBUG org.mongodb.driver.protocol.command      : Sending command '{"ismaster": 1, "$db": "admin"}' with request id 24 to database admin on connection [connectionId{localValue:1, serverValue:10}] to server aetherion.fr:27017
2019-11-21 15:45:48.112 [cluster-ClusterId{value='5dd6a2497c6065185e151bf6', description='null'}-aetherion.fr:27017] DEBUG org.mongodb.driver.protocol.command      : Execution of command with request id 24 completed successfully in 5.59 ms on connection [connectionId{localValue:1, serverValue:10}] to server aetherion.fr:27017
2019-11-21 15:45:48.114 [cluster-ClusterId{value='5dd6a2497c6065185e151bf6', description='null'}-aetherion.fr:27017] DEBUG org.mongodb.driver.cluster               : Updating cluster description to  {type=STANDALONE, servers=[{address=aetherion.fr:27017, type=STANDALONE, roundTripTime=8.7 ms, state=CONNECTED}]
